<?xml version="1.0" encoding="UTF-8"?>
<!-- Generated by org.testng.reporters.JUnitReportReporter -->
<testsuite skipped="0" hostname="MC0Y6RJC" name="com.assignment4rth.ShoppingNG" tests="4" failures="0" timestamp="19 Dec 2017 12:36:21 GMT" time="19.605" errors="0">
  <testcase name="login" time="3.756" classname="com.assignment4rth.ShoppingNG"/>
  <testcase name="selectDress" time="9.178" classname="com.assignment4rth.ShoppingNG"/>
  <testcase name="addToCart" time="4.309" classname="com.assignment4rth.ShoppingNG"/>
  <testcase name="goToAddress" time="2.362" classname="com.assignment4rth.ShoppingNG"/>
</testsuite> <!-- com.assignment4rth.ShoppingNG -->
